<?xml version="1.0" encoding="UTF-8"?>
<testsuite xmlns:xsi="http://www.w3.org/2001/XMLSchema-instance" xsi:noNamespaceSchemaLocation="https://maven.apache.org/surefire/maven-surefire-plugin/xsd/surefire-test-report-3.0.xsd" version="3.0" name="com.ronaldo.core.AngramCheckTest" time="0.039" tests="7" errors="0" skipped="0" failures="0">
  <properties>
[...]
</properties>
  <testcase name="shouldReturnFalseWhenTwoDifferentsLenghtGiven" classname="com.ronaldo.core.AngramCheckTest" time="0.018"/>
  <testcase name="shouldReturnFalseWhenOnlyHasSpacesInSecondValue" classname="com.ronaldo.core.AngramCheckTest" time="0"/>
  <testcase name="shouldReturnFalseWhenOnlySpacesGiven" classname="com.ronaldo.core.AngramCheckTest" time="0.001"/>
  <testcase name="shouldReturnErrorWhenValueIsNull" classname="com.ronaldo.core.AngramCheckTest" time="0.002"/>
  <testcase name="shouldReturnTrueWhenTwoAngramsGiven" classname="com.ronaldo.core.AngramCheckTest" time="0.001"/>
  <testcase name="shouldReturnFalseWhenSpecialCharGiven" classname="com.ronaldo.core.AngramCheckTest" time="0"/>
  <testcase name="shouldReturnTrueWhenTwoAnagramsSentencesGiven" classname="com.ronaldo.core.AngramCheckTest" time="0.001"/>
</testsuite>